<?xml version="1.0" encoding="UTF-8"?>
<!-- Generated by org.testng.reporters.JUnitXMLReporter -->
<testsuite hostname="elt-73.estblr.com" name="Scrolling Up and Scroll Reels" tests="1" failures="1" timestamp="18 Jan 2018 10:07:57 GMT" time="27.209" errors="0">
  <testcase name="launchApplication" time="20.28" classname="com.redbox.testscripts.ScrollingUpAndScrollReel">
    <failure type="java.lang.AssertionError" message="expected [false] but found [true]">
      <![CDATA[java.lang.AssertionError: expected [false] but found [true]
	at com.redbox.testscripts.ScrollingUpAndScrollReel.launchApplication(ScrollingUpAndScrollReel.java:86)
... Removed 31 stack frames]]>
    </failure>
  </testcase> <!-- launchApplication -->
</testsuite> <!-- Scrolling Up and Scroll Reels -->
