<?xml version="1.0" encoding="UTF-8"?>
<testsuite xmlns:xsi="http://www.w3.org/2001/XMLSchema-instance" xsi:schemaLocation="https://maven.apache.org/surefire/maven-surefire-plugin/xsd/surefire-test-report.xsd" name="TestSuite" time="1,687.123" tests="34" errors="0" skipped="20" failures="3">
  <properties>
    <property name="java.runtime.name" value="Java(TM) SE Runtime Environment"/>
    <property name="sun.boot.library.path" value="/Library/Java/JavaVirtualMachines/jdk1.8.0_151.jdk/Contents/Home/jre/lib"/>
    <property name="java.vm.version" value="25.151-b12"/>
    <property name="gopherProxySet" value="false"/>
    <property name="java.vm.vendor" value="Oracle Corporation"/>
    <property name="java.vendor.url" value="http://java.oracle.com/"/>
    <property name="path.separator" value=":"/>
    <property name="guice.disable.misplaced.annotation.check" value="true"/>
    <property name="java.vm.name" value="Java HotSpot(TM) 64-Bit Server VM"/>
    <property name="file.encoding.pkg" value="sun.io"/>
    <property name="user.country" value="US"/>
    <property name="sun.java.launcher" value="SUN_STANDARD"/>
    <property name="sun.os.patch.level" value="unknown"/>
    <property name="java.vm.specification.name" value="Java Virtual Machine Specification"/>
    <property name="user.dir" value="/Users/bappa.seet/Downloads/RedBox_Appium"/>
    <property name="java.runtime.version" value="1.8.0_151-b12"/>
    <property name="java.awt.graphicsenv" value="sun.awt.CGraphicsEnvironment"/>
    <property name="java.endorsed.dirs" value="/Library/Java/JavaVirtualMachines/jdk1.8.0_151.jdk/Contents/Home/jre/lib/endorsed"/>
    <property name="os.arch" value="x86_64"/>
    <property name="java.io.tmpdir" value="/var/folders/_4/lqgf6y4x5jb22sjtzp5k0qln8kfxxr/T/"/>
    <property name="line.separator" value="&#10;"/>
    <property name="java.vm.specification.vendor" value="Oracle Corporation"/>
    <property name="os.name" value="Mac OS X"/>
    <property name="classworlds.conf" value="/Users/bappa.seet/Desktop/Redbox_Automation/.metadata/.plugins/org.eclipse.m2e.launching/launches/m2conf9028842541372577308.tmp"/>
    <property name="sun.jnu.encoding" value="UTF-8"/>
    <property name="java.library.path" value="/Users/bappa.seet/Library/Java/Extensions:/Library/Java/Extensions:/Network/Library/Java/Extensions:/System/Library/Java/Extensions:/usr/lib/java:."/>
    <property name="java.specification.name" value="Java Platform API Specification"/>
    <property name="java.class.version" value="52.0"/>
    <property name="sun.management.compiler" value="HotSpot 64-Bit Tiered Compilers"/>
    <property name="os.version" value="10.12.6"/>
    <property name="http.nonProxyHosts" value="local|*.local|169.254/16|*.169.254/16"/>
    <property name="user.home" value="/Users/bappa.seet"/>
    <property name="user.timezone" value="Asia/Kolkata"/>
    <property name="java.awt.printerjob" value="sun.lwawt.macosx.CPrinterJob"/>
    <property name="java.specification.version" value="1.8"/>
    <property name="file.encoding" value="UTF-8"/>
    <property name="user.name" value="bappa.seet"/>
    <property name="java.class.path" value="/Users/bappa.seet/Desktop/Eclipse/plugins/org.eclipse.m2e.maven.runtime_1.5.1.20150109-1819/jars/plexus-classworlds-2.5.1.jar"/>
    <property name="org.slf4j.simpleLogger.defaultLogLevel" value="info"/>
    <property name="java.vm.specification.version" value="1.8"/>
    <property name="sun.arch.data.model" value="64"/>
    <property name="java.home" value="/Library/Java/JavaVirtualMachines/jdk1.8.0_151.jdk/Contents/Home/jre"/>
    <property name="sun.java.command" value="org.codehaus.plexus.classworlds.launcher.Launcher -B test"/>
    <property name="java.specification.vendor" value="Oracle Corporation"/>
    <property name="user.language" value="en"/>
    <property name="awt.toolkit" value="sun.lwawt.macosx.LWCToolkit"/>
    <property name="java.vm.info" value="mixed mode"/>
    <property name="java.version" value="1.8.0_151"/>
    <property name="java.ext.dirs" value="/Users/bappa.seet/Library/Java/Extensions:/Library/Java/JavaVirtualMachines/jdk1.8.0_151.jdk/Contents/Home/jre/lib/ext:/Library/Java/Extensions:/Network/Library/Java/Extensions:/System/Library/Java/Extensions:/usr/lib/java"/>
    <property name="sun.boot.class.path" value="/Library/Java/JavaVirtualMachines/jdk1.8.0_151.jdk/Contents/Home/jre/lib/resources.jar:/Library/Java/JavaVirtualMachines/jdk1.8.0_151.jdk/Contents/Home/jre/lib/rt.jar:/Library/Java/JavaVirtualMachines/jdk1.8.0_151.jdk/Contents/Home/jre/lib/sunrsasign.jar:/Library/Java/JavaVirtualMachines/jdk1.8.0_151.jdk/Contents/Home/jre/lib/jsse.jar:/Library/Java/JavaVirtualMachines/jdk1.8.0_151.jdk/Contents/Home/jre/lib/jce.jar:/Library/Java/JavaVirtualMachines/jdk1.8.0_151.jdk/Contents/Home/jre/lib/charsets.jar:/Library/Java/JavaVirtualMachines/jdk1.8.0_151.jdk/Contents/Home/jre/lib/jfr.jar:/Library/Java/JavaVirtualMachines/jdk1.8.0_151.jdk/Contents/Home/jre/classes"/>
    <property name="java.vendor" value="Oracle Corporation"/>
    <property name="maven.home" value="/Users/bappa.seet/Downloads/RedBox_Appium/EMBEDDED"/>
    <property name="file.separator" value="/"/>
    <property name="java.vendor.url.bug" value="http://bugreport.sun.com/bugreport/"/>
    <property name="sun.cpu.endian" value="little"/>
    <property name="sun.io.unicode.encoding" value="UnicodeBig"/>
    <property name="socksNonProxyHosts" value="local|*.local|169.254/16|*.169.254/16"/>
    <property name="ftp.nonProxyHosts" value="local|*.local|169.254/16|*.169.254/16"/>
    <property name="sun.cpu.isalist" value=""/>
  </properties>
  <testcase name="startTime" classname="com.appium.model.StartExecution" time="0.052"/>
  <testcase name="ManagelocationVerify" classname="com.redbox.testscripts.MapLocation" time="15.601"/>
  <testcase name="startUp" classname="com.redbox.testscripts.NewReleasesScreenTv" time="0">
    <skipped/>
    <system-out><![CDATA[MapLocation execution completed.
NewReleasesScreenTv execution is skipped
]]></system-out>
    <system-err><![CDATA[Warning:  Usage of a local non-builtin name
]]></system-err>
  </testcase>
  <testcase name="beforeTest" classname="com.redbox.testscripts.NewReleasesScreenTv" time="0">
    <skipped/>
  </testcase>
  <testcase name="launchApplication" classname="com.redbox.testscripts.NewReleasesScreenTv" time="0">
    <skipped/>
  </testcase>
  <testcase name="afterTest" classname="com.redbox.testscripts.NewReleasesScreenTv" time="0">
    <skipped/>
  </testcase>
  <testcase name="tearDown" classname="com.redbox.testscripts.NewReleasesScreenTv" time="0">
    <skipped/>
  </testcase>
  <testcase name="launchApplication" classname="com.redbox.testscripts.NewReleaseScreenGames" time="122.552"/>
  <testcase name="launchApplication" classname="com.redbox.testscripts.NewReleaseScreenMovies" time="43.472"/>
  <testcase name="launchApplication" classname="com.redbox.testscripts.HomeScreenValidation" time="27.263"/>
  <testcase name="launchApplication" classname="com.redbox.testscripts.ScrollHorizontalOnReels" time="374.991"/>
  <testcase name="launchApplication" classname="com.redbox.testscripts.ScrollingUpAndScrollReel" time="20.284">
    <failure message="expected [false] but found [true]" type="java.lang.AssertionError">java.lang.AssertionError: expected [false] but found [true]
	at com.redbox.testscripts.ScrollingUpAndScrollReel.launchApplication(ScrollingUpAndScrollReel.java:86)
</failure>
    <system-out><![CDATA[ScrollHorizontalOnReels execution completed.
Yes
]]></system-out>
    <system-err><![CDATA[Warning:  Usage of a local non-builtin name
]]></system-err>
  </testcase>
  <testcase name="ManagelocationVerify" classname="com.redbox.testscripts.FabTrayKeyboadValidation" time="75.957"/>
  <testcase name="ManagelocationVerify" classname="com.redbox.testscripts.LocationBrowseAllBoxes" time="151.257"/>
  <testcase name="ManagelocationVerify" classname="com.redbox.testscripts.SearchLocationByCityStatePIN" time="420.529">
    <failure type="java.lang.AssertionError:">java.lang.AssertionError: null
	at com.redbox.testscripts.SearchLocationByCityStatePIN.ManagelocationVerify(SearchLocationByCityStatePIN.java:102)
</failure>
    <system-out><![CDATA[LocationBrowseAllBoxes execution completed.
Yes
location Icon is Displayed
]]></system-out>
    <system-err><![CDATA[Warning:  Usage of a local non-builtin name
]]></system-err>
  </testcase>
  <testcase name="startUp" classname="com.redbox.testscripts.SelectButtonInFabTray" time="0">
    <skipped/>
    <system-out><![CDATA[SearchLocationByCityStatePIN execution completed.
SelectButtonInFabTray execution is skipped
]]></system-out>
    <system-err><![CDATA[Warning:  Usage of a local non-builtin name
]]></system-err>
  </testcase>
  <testcase name="beforeTest" classname="com.redbox.testscripts.SelectButtonInFabTray" time="0">
    <skipped/>
  </testcase>
  <testcase name="ManagelocationVerify" classname="com.redbox.testscripts.SelectButtonInFabTray" time="0">
    <skipped/>
  </testcase>
  <testcase name="afterTest" classname="com.redbox.testscripts.SelectButtonInFabTray" time="0">
    <skipped/>
  </testcase>
  <testcase name="tearDown" classname="com.redbox.testscripts.SelectButtonInFabTray" time="0">
    <skipped/>
  </testcase>
  <testcase name="ManagelocationVerify" classname="com.redbox.testscripts.ShowMapIconDefaultLocation" time="145.02"/>
  <testcase name="audienceReviewScreen" classname="com.redbox.testscripts.AudienceReview_Games" time="111.907"/>
  <testcase name="audienceReviewScreen" classname="com.redbox.testscripts.AudienceReview_TV" time="103.265">
    <failure message="validation failed" type="java.lang.AssertionError">java.lang.AssertionError: validation failed
	at com.redbox.testscripts.AudienceReview_TV.audienceReviewScreen(AudienceReview_TV.java:146)
</failure>
    <system-out><![CDATA[AudienceReview_Games execution completed.
Yes
Title screen displayed
org.openqa.selenium.NoSuchElementException: An element could not be located on the page using the given search parameters. (WARNING: The server did not provide any stacktrace information)
Command duration or timeout: 6.27 seconds
For documentation on this error, please visit: http://seleniumhq.org/exceptions/no_such_element.html
Build info: version: '2.51.0', revision: '1af067dbcaedd7d2ab9af5151fc471d363d97193', time: '2016-02-05 11:20:57'
System info: host: 'elt-73.estblr.com', ip: '172.16.16.207', os.name: 'Mac OS X', os.arch: 'x86_64', os.version: '10.12.6', java.version: '1.8.0_151'
Driver info: io.appium.java_client.ios.IOSDriver
Capabilities [{networkConnectionEnabled=false, noReset=true, bundleId=com.redbox.Redbox, databaseEnabled=false, deviceName=iPhone 6s, platform=MAC, platformVersion=11.0, webStorageEnabled=false, locationContextEnabled=false, automationName=XCUITest, browserName=, takesScreenshot=true, javascriptEnabled=true, platformName=iOS, udid=381f0d37154f566d3d8c017df18f4c89c33b2042}]
Session ID: 9f436187-4d56-4c25-bf16-da5ffee69d72
*** Element info: {Using=xpath, value=//XCUIElementTypeTable/XCUIElementTypeCell[5]/XCUIElementTypeButton[1]}
]]></system-out>
    <system-err><![CDATA[Warning:  Usage of a local non-builtin name
]]></system-err>
  </testcase>
  <testcase name="startUp" classname="com.redbox.testscripts.LocationListInAscendingOrder" time="0">
    <skipped/>
    <system-out><![CDATA[AudienceReview_TV execution completed.
LocationListInAscendingOrder execution is skipped
]]></system-out>
    <system-err><![CDATA[Warning:  Usage of a local non-builtin name
]]></system-err>
  </testcase>
  <testcase name="beforeTest" classname="com.redbox.testscripts.LocationListInAscendingOrder" time="0">
    <skipped/>
  </testcase>
  <testcase name="ManagelocationVerify" classname="com.redbox.testscripts.LocationListInAscendingOrder" time="0">
    <skipped/>
  </testcase>
  <testcase name="afterTest" classname="com.redbox.testscripts.LocationListInAscendingOrder" time="0">
    <skipped/>
  </testcase>
  <testcase name="tearDown" classname="com.redbox.testscripts.LocationListInAscendingOrder" time="0">
    <skipped/>
  </testcase>
  <testcase name="startUp" classname="com.redbox.testscripts.LocationMapDimmed" time="0">
    <skipped/>
    <system-out><![CDATA[LocationMapDimmed execution is skipped
]]></system-out>
    <system-err><![CDATA[Warning:  Usage of a local non-builtin name
]]></system-err>
  </testcase>
  <testcase name="beforeTest" classname="com.redbox.testscripts.LocationMapDimmed" time="0">
    <skipped/>
  </testcase>
  <testcase name="ManagelocationVerify" classname="com.redbox.testscripts.LocationMapDimmed" time="0">
    <skipped/>
  </testcase>
  <testcase name="afterTest" classname="com.redbox.testscripts.LocationMapDimmed" time="0">
    <skipped/>
  </testcase>
  <testcase name="tearDown" classname="com.redbox.testscripts.LocationMapDimmed" time="0">
    <skipped/>
  </testcase>
  <testcase name="endTime" classname="com.appium.model.EndExecution" time="0.007"/>
</testsuite>