<?xml version="1.0" encoding="UTF-8"?>
<testng-results skipped="0" failed="1" total="1" passed="0">
  <reporter-output>
    <line>
      <![CDATA[location Icon is Displayed]]>
    </line>
  </reporter-output>
  <suite name="Default suite" duration-ms="240357" started-at="2018-01-18T11:29:12Z" finished-at="2018-01-18T11:33:13Z">
    <groups>
    </groups>
    <test name="Default test" duration-ms="240357" started-at="2018-01-18T11:29:12Z" finished-at="2018-01-18T11:33:13Z">
      <class name="com.redbox.testscripts.SelectButtonInFabTray">
        <test-method status="PASS" signature="startUp()[pri:0, instance:com.redbox.testscripts.SelectButtonInFabTray@482f8f11]" name="startUp" is-config="true" duration-ms="5833" started-at="2018-01-18T16:59:12Z" finished-at="2018-01-18T16:59:18Z">
          <reporter-output>
          </reporter-output>
        </test-method> <!-- startUp -->
        <test-method status="PASS" signature="beforeTest(java.lang.reflect.Method)[pri:0, instance:com.redbox.testscripts.SelectButtonInFabTray@482f8f11]" name="beforeTest" is-config="true" duration-ms="1" started-at="2018-01-18T16:59:18Z" finished-at="2018-01-18T16:59:18Z">
          <params>
            <param index="0">
              <value>
                <![CDATA[public void com.redbox.testscripts.SelectButtonInFabTray.ManagelocationVerify() throws java.lang.Exception]]>
              </value>
            </param>
          </params>
          <reporter-output>
          </reporter-output>
        </test-method> <!-- beforeTest -->
        <test-method status="FAIL" signature="ManagelocationVerify()[pri:0, instance:com.redbox.testscripts.SelectButtonInFabTray@482f8f11]" name="ManagelocationVerify" duration-ms="233941" started-at="2018-01-18T16:59:18Z" finished-at="2018-01-18T17:03:12Z">
          <exception class="java.lang.AssertionError">
            <message>
              <![CDATA[null]]>
            </message>
            <full-stacktrace>
              <![CDATA[java.lang.AssertionError: null
	at org.testng.Assert.fail(Assert.java:94)
	at org.testng.Assert.fail(Assert.java:101)
	at com.redbox.testscripts.SelectButtonInFabTray.ManagelocationVerify(SelectButtonInFabTray.java:100)
	at sun.reflect.NativeMethodAccessorImpl.invoke0(Native Method)
	at sun.reflect.NativeMethodAccessorImpl.invoke(NativeMethodAccessorImpl.java:62)
	at sun.reflect.DelegatingMethodAccessorImpl.invoke(DelegatingMethodAccessorImpl.java:43)
	at java.lang.reflect.Method.invoke(Method.java:498)
	at org.testng.internal.MethodInvocationHelper.invokeMethod(MethodInvocationHelper.java:85)
	at org.testng.internal.Invoker.invokeMethod(Invoker.java:639)
	at org.testng.internal.Invoker.invokeTestMethod(Invoker.java:816)
	at org.testng.internal.Invoker.invokeTestMethods(Invoker.java:1124)
	at org.testng.internal.TestMethodWorker.invokeTestMethods(TestMethodWorker.java:124)
	at org.testng.internal.TestMethodWorker.run(TestMethodWorker.java:108)
	at org.testng.TestRunner.privateRun(TestRunner.java:774)
	at org.testng.TestRunner.run(TestRunner.java:624)
	at org.testng.SuiteRunner.runTest(SuiteRunner.java:359)
	at org.testng.SuiteRunner.runSequentially(SuiteRunner.java:354)
	at org.testng.SuiteRunner.privateRun(SuiteRunner.java:312)
	at org.testng.SuiteRunner.run(SuiteRunner.java:261)
	at org.testng.SuiteRunnerWorker.runSuite(SuiteRunnerWorker.java:52)
	at org.testng.SuiteRunnerWorker.run(SuiteRunnerWorker.java:86)
	at org.testng.TestNG.runSuitesSequentially(TestNG.java:1191)
	at org.testng.TestNG.runSuitesLocally(TestNG.java:1116)
	at org.testng.TestNG.run(TestNG.java:1024)
	at org.testng.remote.RemoteTestNG.run(RemoteTestNG.java:112)
	at org.testng.remote.RemoteTestNG.initAndRun(RemoteTestNG.java:205)
	at org.testng.remote.RemoteTestNG.main(RemoteTestNG.java:176)
]]>
            </full-stacktrace>
          </exception> <!-- java.lang.AssertionError -->
          <reporter-output>
            <line>
              <![CDATA[location Icon is Displayed]]>
            </line>
          </reporter-output>
        </test-method> <!-- ManagelocationVerify -->
        <test-method status="PASS" signature="afterTest()[pri:0, instance:com.redbox.testscripts.SelectButtonInFabTray@482f8f11]" name="afterTest" is-config="true" duration-ms="0" started-at="2018-01-18T17:03:12Z" finished-at="2018-01-18T17:03:12Z">
          <reporter-output>
          </reporter-output>
        </test-method> <!-- afterTest -->
        <test-method status="PASS" signature="tearDown()[pri:0, instance:com.redbox.testscripts.SelectButtonInFabTray@482f8f11]" name="tearDown" is-config="true" duration-ms="561" started-at="2018-01-18T17:03:12Z" finished-at="2018-01-18T17:03:13Z">
          <reporter-output>
          </reporter-output>
        </test-method> <!-- tearDown -->
      </class> <!-- com.redbox.testscripts.SelectButtonInFabTray -->
    </test> <!-- Default test -->
  </suite> <!-- Default suite -->
</testng-results>
